Determining if the pthread_create exist failed with the following output:
Change Dir: /home/addison/ROS_Primer/catkin_ws/build/CMakeFiles/CMakeTmp

Run Build Command:"/usr/bin/make" "cmTC_0040d/fast"
/usr/bin/make -f CMakeFiles/cmTC_0040d.dir/build.make CMakeFiles/cmTC_0040d.dir/build
make[1]: Entering directory '/home/addison/ROS_Primer/catkin_ws/build/CMakeFiles/CMakeTmp'
Building C object CMakeFiles/cmTC_0040d.dir/CheckSymbolExists.c.o
/usr/bin/cc     -o CMakeFiles/cmTC_0040d.dir/CheckSymbolExists.c.o   -c /home/addison/ROS_Primer/catkin_ws/build/CMakeFiles/CMakeTmp/CheckSymbolExists.c
Linking C executable cmTC_0040d
/usr/bin/cmake -E cmake_link_script CMakeFiles/cmTC_0040d.dir/link.txt --verbose=1
/usr/bin/cc       CMakeFiles/cmTC_0040d.dir/CheckSymbolExists.c.o  -o cmTC_0040d -rdynamic 
CMakeFiles/cmTC_0040d.dir/CheckSymbolExists.c.o: In function `main':
CheckSymbolExists.c:(.text+0x16): undefined reference to `pthread_create'
collect2: error: ld returned 1 exit status
CMakeFiles/cmTC_0040d.dir/build.make:97: recipe for target 'cmTC_0040d' failed
make[1]: *** [cmTC_0040d] Error 1
make[1]: Leaving directory '/home/addison/ROS_Primer/catkin_ws/build/CMakeFiles/CMakeTmp'
Makefile:126: recipe for target 'cmTC_0040d/fast' failed
make: *** [cmTC_0040d/fast] Error 2

File /home/addison/ROS_Primer/catkin_ws/build/CMakeFiles/CMakeTmp/CheckSymbolExists.c:
/* */
#include <pthread.h>

int main(int argc, char** argv)
{
  (void)argv;
#ifndef pthread_create
  return ((int*)(&pthread_create))[argc];
#else
  (void)argc;
  return 0;
#endif
}

Determining if the function pthread_create exists in the pthreads failed with the following output:
Change Dir: /home/addison/ROS_Primer/catkin_ws/build/CMakeFiles/CMakeTmp

Run Build Command:"/usr/bin/make" "cmTC_918ba/fast"
/usr/bin/make -f CMakeFiles/cmTC_918ba.dir/build.make CMakeFiles/cmTC_918ba.dir/build
make[1]: Entering directory '/home/addison/ROS_Primer/catkin_ws/build/CMakeFiles/CMakeTmp'
Building C object CMakeFiles/cmTC_918ba.dir/CheckFunctionExists.c.o
/usr/bin/cc    -DCHECK_FUNCTION_EXISTS=pthread_create   -o CMakeFiles/cmTC_918ba.dir/CheckFunctionExists.c.o   -c /usr/share/cmake-3.5/Modules/CheckFunctionExists.c
Linking C executable cmTC_918ba
/usr/bin/cmake -E cmake_link_script CMakeFiles/cmTC_918ba.dir/link.txt --verbose=1
/usr/bin/cc   -DCHECK_FUNCTION_EXISTS=pthread_create    CMakeFiles/cmTC_918ba.dir/CheckFunctionExists.c.o  -o cmTC_918ba -rdynamic -lpthreads 
/usr/bin/ld: cannot find -lpthreads
collect2: error: ld returned 1 exit status
CMakeFiles/cmTC_918ba.dir/build.make:97: recipe for target 'cmTC_918ba' failed
make[1]: *** [cmTC_918ba] Error 1
make[1]: Leaving directory '/home/addison/ROS_Primer/catkin_ws/build/CMakeFiles/CMakeTmp'
Makefile:126: recipe for target 'cmTC_918ba/fast' failed
make: *** [cmTC_918ba/fast] Error 2


